<?xml version="1.0"?>
<testsuites>
	<testsuite errors="0" failures="0" name="elements/ozone-api/ozone-api-authentication/test-ozone-api-authentication.html (chrome 59)" skipped="1" tests="5">
		<testcase name="ozone-api-authentication; checkConnectionStatus; should set connectionStatus to connected when server response with 200" time="7"/>
		<testcase name="ozone-api-authentication; checkConnectionStatus; should set connectionStatus to &#x27;disconnected&#x27; when server response with a 403" time="9"/>
		<testcase name="ozone-api-authentication; checkConnectionStatus; should set connectionStatus to &#x27;server error&#x27; when server response with an error code" time="7"/>
		<testcase name="ozone-api-authentication; checkConnectionStatus; should set connectionStatus to &#x27;offline&#x27; when server does not response after 500ms" time="5"/>
		<testcase name="ozone-api-authentication; checkConnectionStatus; should refresh periodical" time="">
			<skipped/>
		</testcase>
	</testsuite>
	<testsuite errors="0" failures="0" name="elements/ozone-api/ozone-api-authentication/test-ozone-api-authentication.html (firefox 54)" skipped="1" tests="5">
		<testcase name="ozone-api-authentication; checkConnectionStatus; should set connectionStatus to connected when server response with 200" time="10"/>
		<testcase name="ozone-api-authentication; checkConnectionStatus; should set connectionStatus to &#x27;disconnected&#x27; when server response with a 403" time="21"/>
		<testcase name="ozone-api-authentication; checkConnectionStatus; should set connectionStatus to &#x27;server error&#x27; when server response with an error code" time="10"/>
		<testcase name="ozone-api-authentication; checkConnectionStatus; should set connectionStatus to &#x27;offline&#x27; when server does not response after 500ms" time="8"/>
		<testcase name="ozone-api-authentication; checkConnectionStatus; should refresh periodical" time="">
			<skipped/>
		</testcase>
	</testsuite>
	<testsuite errors="0" failures="0" name="elements/ozone-api/ozone-api-behaviors/test-ozone-api-mixin-ajax.html (chrome 59)" skipped="0" tests="3">
		<testcase name="test-ozone-api-ajax; should fire ozone-request-success server 200" time="8"/>
		<testcase name="test-ozone-api-ajax; should fire ozone-request-error on server error" time="13"/>
		<testcase name="test-ozone-api-ajax; it should set serviceUrl on config change" time="22"/>
	</testsuite>
	<testsuite errors="0" failures="0" name="elements/ozone-api/ozone-api-behaviors/test-ozone-api-mixin-ajax.html (firefox 54)" skipped="0" tests="3">
		<testcase name="test-ozone-api-ajax; should fire ozone-request-success server 200" time="14"/>
		<testcase name="test-ozone-api-ajax; should fire ozone-request-error on server error" time="5"/>
		<testcase name="test-ozone-api-ajax; it should set serviceUrl on config change" time="7"/>
	</testsuite>
	<testsuite errors="0" failures="0" name="elements/ozone-api/ozone-api-behaviors/test-ozone-api-mixin-form.html (chrome 59)" skipped="0" tests="3">
		<testcase name="test-ozone-api-form; should fire ozone-request-success server 200" time="18"/>
		<testcase name="test-ozone-api-form; should fire ozone-request-error on server error" time="13"/>
		<testcase name="test-ozone-api-form; it should set serviceUrl on config change" time="8"/>
	</testsuite>
	<testsuite errors="0" failures="0" name="elements/ozone-api/ozone-api-behaviors/test-ozone-api-mixin-form.html (firefox 54)" skipped="0" tests="3">
		<testcase name="test-ozone-api-form; should fire ozone-request-success server 200" time="23"/>
		<testcase name="test-ozone-api-form; should fire ozone-request-error on server error" time="13"/>
		<testcase name="test-ozone-api-form; it should set serviceUrl on config change" time="6"/>
	</testsuite>
	<testsuite errors="0" failures="0" name="elements/ozone-api/ozone-api-item/ozone-api-item_test.html (chrome 59)" skipped="0" tests="11">
		<testcase name="ozone-api-login tests; CRUD operation; should create an item" time="9"/>
		<testcase name="ozone-api-login tests; CRUD operation; should getOne an existing item" time="10"/>
		<testcase name="ozone-api-login tests; CRUD operation; getOne should return null when not found" time="9"/>
		<testcase name="ozone-api-login tests; CRUD operation; should update an item" time="3"/>
		<testcase name="ozone-api-login tests; CRUD operation; should deleteOne an item" time="4"/>
		<testcase name="ozone-api-login tests; CRUD operation; should bulkDelete items" time="12"/>
		<testcase name="ozone-api-login tests; CRUD operation; should bulkGet items" time="10"/>
		<testcase name="ozone-api-login tests; CRUD operation; should bulkSave items" time="3"/>
		<testcase name="ozone-api-login tests; CRUD operation; should change url on collection update" time="6"/>
		<testcase name="ozone-api-login tests; search operation; should send quicksearch query in all items on requestSearch call" time="15"/>
		<testcase name="ozone-api-login tests; search operation; search should return searchResults" time="21"/>
	</testsuite>
	<testsuite errors="0" failures="0" name="elements/ozone-api/ozone-api-item/ozone-api-item_test.html (firefox 54)" skipped="0" tests="11">
		<testcase name="ozone-api-login tests; CRUD operation; should create an item" time="31"/>
		<testcase name="ozone-api-login tests; CRUD operation; should getOne an existing item" time="12"/>
		<testcase name="ozone-api-login tests; CRUD operation; getOne should return null when not found" time="8"/>
		<testcase name="ozone-api-login tests; CRUD operation; should update an item" time="10"/>
		<testcase name="ozone-api-login tests; CRUD operation; should deleteOne an item" time="6"/>
		<testcase name="ozone-api-login tests; CRUD operation; should bulkDelete items" time="15"/>
		<testcase name="ozone-api-login tests; CRUD operation; should bulkGet items" time="15"/>
		<testcase name="ozone-api-login tests; CRUD operation; should bulkSave items" time="11"/>
		<testcase name="ozone-api-login tests; CRUD operation; should change url on collection update" time="6"/>
		<testcase name="ozone-api-login tests; search operation; should send quicksearch query in all items on requestSearch call" time="9"/>
		<testcase name="ozone-api-login tests; search operation; search should return searchResults" time="34"/>
	</testsuite>
	<testsuite errors="0" failures="0" name="elements/ozone-api/ozone-api-login/test-ozone-api-login.html (chrome 59)" skipped="0" tests="6">
		<testcase name="ozone-api-login tests; should set message &#x22;Invalid login or password for wrong password&#x22;" time="13"/>
		<testcase name="ozone-api-login tests; should fire ozone-request-error for wrong password" time="20"/>
		<testcase name="ozone-api-login tests; should set message &#x22;Connection Error for any error&#x22;" time="6"/>
		<testcase name="ozone-api-login tests; should set message username on connection succeed" time="6"/>
		<testcase name="ozone-api-login tests; should fire ozone-login on connection succeed" time="2"/>
		<testcase name="ozone-api-login tests; should reset state on reset call" time="2"/>
	</testsuite>
	<testsuite errors="0" failures="0" name="elements/ozone-api/ozone-api-login/test-ozone-api-login.html (firefox 54)" skipped="0" tests="6">
		<testcase name="ozone-api-login tests; should set message &#x22;Invalid login or password for wrong password&#x22;" time="15"/>
		<testcase name="ozone-api-login tests; should fire ozone-request-error for wrong password" time="5"/>
		<testcase name="ozone-api-login tests; should set message &#x22;Connection Error for any error&#x22;" time="9"/>
		<testcase name="ozone-api-login tests; should set message username on connection succeed" time="6"/>
		<testcase name="ozone-api-login tests; should fire ozone-login on connection succeed" time="4"/>
		<testcase name="ozone-api-login tests; should reset state on reset call" time="5"/>
	</testsuite>
	<testsuite errors="0" failures="0" name="elements/ozone-api/ozone-api-logout/test-ozone-api-logout.html (chrome 59)" skipped="0" tests="2">
		<testcase name="ozone-api-logout tests; should send logout query on ozoneDisconnect call" time="3"/>
		<testcase name="ozone-api-logout tests; should fire ozone-logout on disconnection succeed" time="8"/>
	</testsuite>
	<testsuite errors="0" failures="0" name="elements/ozone-api/ozone-api-logout/test-ozone-api-logout.html (firefox 54)" skipped="0" tests="2">
		<testcase name="ozone-api-logout tests; should send logout query on ozoneDisconnect call" time="8"/>
		<testcase name="ozone-api-logout tests; should fire ozone-logout on disconnection succeed" time="13"/>
	</testsuite>
	<testsuite errors="0" failures="0" name="elements/ozone-api/ozone-api-search/test-ozone-api-search.html (chrome 59)" skipped="0" tests="5">
		<testcase name="in all type; should send suggestion query in all items on requestSearch call" time="3"/>
		<testcase name="in all type; should expose search result in searchResults" time="8"/>
		<testcase name="auto complete; should propose suggestion" time="7"/>
		<testcase name="in one type (media); should send suggestion query in media on requestSearch call with media specify" time="1"/>
		<testcase name="auto option; should request automatically at initialisation" time="6"/>
	</testsuite>
	<testsuite errors="0" failures="0" name="elements/ozone-api/ozone-api-search/test-ozone-api-search.html (firefox 54)" skipped="0" tests="5">
		<testcase name="in all type; should send suggestion query in all items on requestSearch call" time="10"/>
		<testcase name="in all type; should expose search result in searchResults" time="12"/>
		<testcase name="auto complete; should propose suggestion" time="8"/>
		<testcase name="in one type (media); should send suggestion query in media on requestSearch call with media specify" time="7"/>
		<testcase name="auto option; should request automatically at initialisation" time="16"/>
	</testsuite>
	<testsuite errors="0" failures="0" name="elements/ozone-api/ozone-api-type/ozone-api-type_test.html (chrome 59)" skipped="0" tests="16">
		<testcase name="ozone-api-type tests; default collection; loadType; should set typeDescriptor" time="8"/>
		<testcase name="ozone-api-type tests; default collection; loadType; should resolve with typeDescriptor" time="11"/>
		<testcase name="ozone-api-type tests; default collection; getFields; should list fields" time="7"/>
		<testcase name="ozone-api-type tests; given collection; loadType; should set typeDescriptor" time="9"/>
		<testcase name="ozone-api-type tests; given collection; loadType; should resolve with typeDescriptor" time="5"/>
		<testcase name="ozone-api-type tests; given collection; getFields; should list fields" time="6"/>
		<testcase name="ozone-api-type tests; given collection; setType; should resolve with cached value if exist" time="6"/>
		<testcase name="ozone-api-type tests; given collection; setType; should resolve loadType if no cached exist" time="4"/>
		<testcase name="ozone-api-type tests; given collection; setType; getType; should resolve with cached value if exist" time="4"/>
		<testcase name="ozone-api-type tests; given collection; setType; getType; should resolve with setType if no cached exist" time="5"/>
		<testcase name="ozone-api-type tests; given collection; setType; findFieldInCollection; should resolve with FieldDescriptor if exist in the collection" time="4"/>
		<testcase name="ozone-api-type tests; given collection; setType; findFieldInCollection; should resolve with findFieldInCollection in superType" time="41"/>
		<testcase name="ozone-api-type tests; given collection; setType; findFieldInCollection; should resolve with null if not found" time="10"/>
		<testcase name="ozone-api-type tests; given collection; setType; ifIsTypeInstanceOf; should resolve with true if types are equal" time="2"/>
		<testcase name="ozone-api-type tests; given collection; setType; ifIsTypeInstanceOf; should resolve if instance type is equal to parent" time="3"/>
		<testcase name="ozone-api-type tests; given collection; setType; ifIsTypeInstanceOf; should resolve with false if is not an instance" time="10"/>
	</testsuite>
	<testsuite errors="0" failures="0" name="elements/ozone-api/ozone-api-type/ozone-api-type_test.html (firefox 54)" skipped="0" tests="16">
		<testcase name="ozone-api-type tests; default collection; loadType; should set typeDescriptor" time="39"/>
		<testcase name="ozone-api-type tests; default collection; loadType; should resolve with typeDescriptor" time="19"/>
		<testcase name="ozone-api-type tests; default collection; getFields; should list fields" time="20"/>
		<testcase name="ozone-api-type tests; given collection; loadType; should set typeDescriptor" time="12"/>
		<testcase name="ozone-api-type tests; given collection; loadType; should resolve with typeDescriptor" time="12"/>
		<testcase name="ozone-api-type tests; given collection; getFields; should list fields" time="11"/>
		<testcase name="ozone-api-type tests; given collection; setType; should resolve with cached value if exist" time="10"/>
		<testcase name="ozone-api-type tests; given collection; setType; should resolve loadType if no cached exist" time="11"/>
		<testcase name="ozone-api-type tests; given collection; setType; getType; should resolve with cached value if exist" time="7"/>
		<testcase name="ozone-api-type tests; given collection; setType; getType; should resolve with setType if no cached exist" time="7"/>
		<testcase name="ozone-api-type tests; given collection; setType; findFieldInCollection; should resolve with FieldDescriptor if exist in the collection" time="14"/>
		<testcase name="ozone-api-type tests; given collection; setType; findFieldInCollection; should resolve with findFieldInCollection in superType" time="7"/>
		<testcase name="ozone-api-type tests; given collection; setType; findFieldInCollection; should resolve with null if not found" time="6"/>
		<testcase name="ozone-api-type tests; given collection; setType; ifIsTypeInstanceOf; should resolve with true if types are equal" time="1"/>
		<testcase name="ozone-api-type tests; given collection; setType; ifIsTypeInstanceOf; should resolve if instance type is equal to parent" time="4"/>
		<testcase name="ozone-api-type tests; given collection; setType; ifIsTypeInstanceOf; should resolve with false if is not an instance" time="4"/>
	</testsuite>
	<testsuite errors="0" failures="0" name="elements/ozone-api/ozone-config/test-ozone-config.html (chrome 59)" skipped="0" tests="2">
		<testcase name="ozone-config tests; should request ozone config file and expose config in configPromise" time="8"/>
		<testcase name="ozone-config tests; should catch error in configPromise" time="8"/>
	</testsuite>
	<testsuite errors="0" failures="0" name="elements/ozone-api/ozone-config/test-ozone-config.html (firefox 54)" skipped="0" tests="2">
		<testcase name="ozone-config tests; should request ozone config file and expose config in configPromise" time="8"/>
		<testcase name="ozone-config tests; should catch error in configPromise" time="2"/>
	</testsuite>
	<testsuite errors="0" failures="0" name="elements/ozone-helper/ozone-collection/test-ozone-collection.html (chrome 59)" skipped="3" tests="21">
		<testcase name="collection CRUD api on a valid source; findOne; should look in loaded items" time="1"/>
		<testcase name="collection CRUD api on a valid source; findOne; should request server and add" time="10"/>
		<testcase name="collection CRUD api on a valid source; findOne; should return null when not found" time="3"/>
		<testcase name="collection CRUD api on a valid source; saveAll; should save all items and update items with api results" time="4"/>
		<testcase name="collection CRUD api on a valid source; getIndexById; should index on an existing items" time="1"/>
		<testcase name="collection CRUD api on a valid source; getIndexById; should return -1 when not found" time="2"/>
		<testcase name="collection CRUD api on a valid source; getIndexById; should return -1 if id is undefined" time="1"/>
		<testcase name="collection CRUD api on a valid source; saveOne; should save an item and update items with api response" time="23"/>
		<testcase name="collection CRUD api on a valid source; saveOne; should call add if the item is not in items" time="3"/>
		<testcase name="collection CRUD api on a valid source; add; should create a new item and added to items" time="10"/>
		<testcase name="collection CRUD api on a valid source; deleteAll; should bulkDelete with all items id and delete all items" time="3"/>
		<testcase name="collection CRUD api on a valid source; deleteItems; should bulkDelete with selected items id and remove them from items" time="4"/>
		<testcase name="collection CRUD api on a valid source; deleteOne; should deleteOne one items id and remove it from items" time="5"/>
		<testcase name="collection CRUD api on un configured source; should use default ozoneAPI" time="1"/>
		<testcase name="collection search; quickSearch; should create a quicksearch query and search" time="3"/>
		<testcase name="collection search; search; should call ozoneApi.search and loadNextItems" time="2"/>
		<testcase name="items management; loadItems; should create an empty quicksearch" time="2"/>
		<testcase name="items management; loadNextItems; should load next items from the server and push them in items" time="3"/>
		<testcase name="nice to have; autosave" time="">
			<skipped/>
		</testcase>
		<testcase name="nice to have; filter; should create a filter search query" time="">
			<skipped/>
		</testcase>
		<testcase name="nice to have; sort; should create a sorted search query" time="">
			<skipped/>
		</testcase>
	</testsuite>
	<testsuite errors="0" failures="0" name="elements/ozone-helper/ozone-collection/test-ozone-collection.html (firefox 54)" skipped="3" tests="21">
		<testcase name="collection CRUD api on a valid source; findOne; should look in loaded items" time="4"/>
		<testcase name="collection CRUD api on a valid source; findOne; should request server and add" time="16"/>
		<testcase name="collection CRUD api on a valid source; findOne; should return null when not found" time="7"/>
		<testcase name="collection CRUD api on a valid source; saveAll; should save all items and update items with api results" time="8"/>
		<testcase name="collection CRUD api on a valid source; getIndexById; should index on an existing items" time="0"/>
		<testcase name="collection CRUD api on a valid source; getIndexById; should return -1 when not found" time="1"/>
		<testcase name="collection CRUD api on a valid source; getIndexById; should return -1 if id is undefined" time="1"/>
		<testcase name="collection CRUD api on a valid source; saveOne; should save an item and update items with api response" time="4"/>
		<testcase name="collection CRUD api on a valid source; saveOne; should call add if the item is not in items" time="3"/>
		<testcase name="collection CRUD api on a valid source; add; should create a new item and added to items" time="4"/>
		<testcase name="collection CRUD api on a valid source; deleteAll; should bulkDelete with all items id and delete all items" time="2"/>
		<testcase name="collection CRUD api on a valid source; deleteItems; should bulkDelete with selected items id and remove them from items" time="7"/>
		<testcase name="collection CRUD api on a valid source; deleteOne; should deleteOne one items id and remove it from items" time="4"/>
		<testcase name="collection CRUD api on un configured source; should use default ozoneAPI" time="0"/>
		<testcase name="collection search; quickSearch; should create a quicksearch query and search" time="5"/>
		<testcase name="collection search; search; should call ozoneApi.search and loadNextItems" time="5"/>
		<testcase name="items management; loadItems; should create an empty quicksearch" time="3"/>
		<testcase name="items management; loadNextItems; should load next items from the server and push them in items" time="2"/>
		<testcase name="nice to have; autosave" time="">
			<skipped/>
		</testcase>
		<testcase name="nice to have; filter; should create a filter search query" time="">
			<skipped/>
		</testcase>
		<testcase name="nice to have; sort; should create a sorted search query" time="">
			<skipped/>
		</testcase>
	</testsuite>
	<testsuite errors="0" failures="0" name="elements/ozone-helper/ozone-media-url/testMediaUrl.html (chrome 59)" skipped="0" tests="8">
		<testcase name="tool MediaUrl; constructor; should set config and id" time="3"/>
		<testcase name="tool MediaUrl; getNumericId; should convert id: &#x22;00000000-046c-7fc4-0000-000000006030&#x22; to 24624" time="1"/>
		<testcase name="tool MediaUrl; getPreviewUrl; should convert id: &#x22;00000000-046c-7fc4-0000-000000006030&#x22; to 24624" time="1"/>
		<testcase name="tool MediaUrl; getPreviewUrl; should work with enum" time="0"/>
		<testcase name="tool MediaUrl; getPreviewUrlPng; should convert id: &#x22;00000000-046c-7fc4-0000-000000006030&#x22; to 24624" time="1"/>
		<testcase name="tool MediaUrl; getPreviewUrlPng; should work with enum" time="0"/>
		<testcase name="tool MediaUrl; getVideoUrl; should return video url" time="0"/>
		<testcase name="tool MediaUrl; getVideoUrlMp4; should return video url" time="0"/>
	</testsuite>
	<testsuite errors="0" failures="0" name="elements/ozone-helper/ozone-media-url/testMediaUrl.html (firefox 54)" skipped="0" tests="8">
		<testcase name="tool MediaUrl; constructor; should set config and id" time="4"/>
		<testcase name="tool MediaUrl; getNumericId; should convert id: &#x22;00000000-046c-7fc4-0000-000000006030&#x22; to 24624" time="0"/>
		<testcase name="tool MediaUrl; getPreviewUrl; should convert id: &#x22;00000000-046c-7fc4-0000-000000006030&#x22; to 24624" time="2"/>
		<testcase name="tool MediaUrl; getPreviewUrl; should work with enum" time="0"/>
		<testcase name="tool MediaUrl; getPreviewUrlPng; should convert id: &#x22;00000000-046c-7fc4-0000-000000006030&#x22; to 24624" time="0"/>
		<testcase name="tool MediaUrl; getPreviewUrlPng; should work with enum" time="0"/>
		<testcase name="tool MediaUrl; getVideoUrl; should return video url" time="0"/>
		<testcase name="tool MediaUrl; getVideoUrlMp4; should return video url" time="1"/>
	</testsuite>
	<testsuite errors="0" failures="0" name="elements/ozone-material/ozone-edit-entry/test-ozone-edit-entry.html (chrome 59)" skipped="1" tests="14">
		<testcase name="basic edit; should expose inputElement of string type" time="0"/>
		<testcase name="basic edit; inizialization; default label is undefined" time="1"/>
		<testcase name="basic edit; inizialization; default value is undefined" time="1"/>
		<testcase name="basic edit; inizialization; default helper text is undefined" time="0"/>
		<testcase name="basic edit; inizialization; default is editable" time="0"/>
		<testcase name="basic edit; inizialization; isModify should be false" time="1"/>
		<testcase name="basic edit; inizialization; should have language default value set" time="">
			<skipped/>
		</testcase>
		<testcase name="basic edit; when set language, name, type and value; label should be &#x22;a Name&#x22;" time="0"/>
		<testcase name="basic edit; when set language, name, type and value; value should be &#x22;default value&#x22;" time="0"/>
		<testcase name="basic edit; when set language, name, type and value; helper text should be &#x22;string&#x22;" time="0"/>
		<testcase name="basic edit; when set language, name, type and value; isModify should be false" time="0"/>
		<testcase name="basic edit; on input value; value should be &#x22;new value&#x22;" time="0"/>
		<testcase name="basic edit; on input value; isModify should be true" time="0"/>
		<testcase name="basic edit; disabled; should disable the paper input" time="1"/>
	</testsuite>
	<testsuite errors="0" failures="0" name="elements/ozone-material/ozone-edit-entry/test-ozone-edit-entry.html (firefox 54)" skipped="1" tests="14">
		<testcase name="basic edit; should expose inputElement of string type" time="2"/>
		<testcase name="basic edit; inizialization; default label is undefined" time="1"/>
		<testcase name="basic edit; inizialization; default value is undefined" time="0"/>
		<testcase name="basic edit; inizialization; default helper text is undefined" time="0"/>
		<testcase name="basic edit; inizialization; default is editable" time="1"/>
		<testcase name="basic edit; inizialization; isModify should be false" time="0"/>
		<testcase name="basic edit; inizialization; should have language default value set" time="">
			<skipped/>
		</testcase>
		<testcase name="basic edit; when set language, name, type and value; label should be &#x22;a Name&#x22;" time="0"/>
		<testcase name="basic edit; when set language, name, type and value; value should be &#x22;default value&#x22;" time="1"/>
		<testcase name="basic edit; when set language, name, type and value; helper text should be &#x22;string&#x22;" time="0"/>
		<testcase name="basic edit; when set language, name, type and value; isModify should be false" time="1"/>
		<testcase name="basic edit; on input value; value should be &#x22;new value&#x22;" time="1"/>
		<testcase name="basic edit; on input value; isModify should be true" time="1"/>
		<testcase name="basic edit; disabled; should disable the paper input" time="1"/>
	</testsuite>
	<testsuite errors="0" failures="0" name="elements/ozone-material/ozone-edit-number-entry/test-ozone-edit-number.html (chrome 59)" skipped="1" tests="14">
		<testcase name="basic edit; should expose inputElement of number type" time="0"/>
		<testcase name="basic edit; inizialization; default label is undefined" time="1"/>
		<testcase name="basic edit; inizialization; default value is undefined" time="1"/>
		<testcase name="basic edit; inizialization; default helper text is undefined" time="0"/>
		<testcase name="basic edit; inizialization; default is editable" time="1"/>
		<testcase name="basic edit; inizialization; isModify should be false" time="0"/>
		<testcase name="basic edit; inizialization; should have language default value set" time="">
			<skipped/>
		</testcase>
		<testcase name="basic edit; when set language, name, type and value; label should be &#x22;a Name&#x22;" time="0"/>
		<testcase name="basic edit; when set language, name, type and value; value should be 0" time="0"/>
		<testcase name="basic edit; when set language, name, type and value; helper text should be &#x22;string&#x22;" time="0"/>
		<testcase name="basic edit; when set language, name, type and value; isModify should be false" time="0"/>
		<testcase name="basic edit; on input value; value should be 99" time="1"/>
		<testcase name="basic edit; on input value; isModify should be true" time="0"/>
		<testcase name="basic edit; disabled; should disable the paper input" time="0"/>
	</testsuite>
	<testsuite errors="0" failures="0" name="elements/ozone-material/ozone-edit-number-entry/test-ozone-edit-number.html (firefox 54)" skipped="1" tests="14">
		<testcase name="basic edit; should expose inputElement of number type" time="1"/>
		<testcase name="basic edit; inizialization; default label is undefined" time="2"/>
		<testcase name="basic edit; inizialization; default value is undefined" time="1"/>
		<testcase name="basic edit; inizialization; default helper text is undefined" time="1"/>
		<testcase name="basic edit; inizialization; default is editable" time="1"/>
		<testcase name="basic edit; inizialization; isModify should be false" time="1"/>
		<testcase name="basic edit; inizialization; should have language default value set" time="">
			<skipped/>
		</testcase>
		<testcase name="basic edit; when set language, name, type and value; label should be &#x22;a Name&#x22;" time="1"/>
		<testcase name="basic edit; when set language, name, type and value; value should be 0" time="0"/>
		<testcase name="basic edit; when set language, name, type and value; helper text should be &#x22;string&#x22;" time="0"/>
		<testcase name="basic edit; when set language, name, type and value; isModify should be false" time="1"/>
		<testcase name="basic edit; on input value; value should be 99" time="0"/>
		<testcase name="basic edit; on input value; isModify should be true" time="1"/>
		<testcase name="basic edit; disabled; should disable the paper input" time="1"/>
	</testsuite>
	<testsuite errors="0" failures="0" name="elements/ozone-material/ozone-edit-set-entry/test-ozone-edit-set-entry.html (chrome 59)" skipped="1" tests="14">
		<testcase name="basic edit; should expose inputElement of string type" time="0"/>
		<testcase name="basic edit; inizialization; default label is undefined" time="1"/>
		<testcase name="basic edit; inizialization; default value is undefined" time="1"/>
		<testcase name="basic edit; inizialization; default helper text is undefined" time="0"/>
		<testcase name="basic edit; inizialization; default is editable" time="0"/>
		<testcase name="basic edit; inizialization; isModify should be false" time="0"/>
		<testcase name="basic edit; inizialization; should have language default value set" time="">
			<skipped/>
		</testcase>
		<testcase name="basic edit; when set language, name, type and value; label should be &#x22;a Name&#x22;" time="0"/>
		<testcase name="basic edit; when set language, name, type and value; value should be &#x22;default value&#x22;" time="0"/>
		<testcase name="basic edit; when set language, name, type and value; helper text should be &#x22;string&#x22;" time="0"/>
		<testcase name="basic edit; when set language, name, type and value; isModify should be false" time="2"/>
		<testcase name="basic edit; on input value; value should be &#x22;new value&#x22;" time="1"/>
		<testcase name="basic edit; on input value; isModify should be true" time="0"/>
		<testcase name="basic edit; disabled; should disable the paper input" time="0"/>
	</testsuite>
	<testsuite errors="0" failures="0" name="elements/ozone-material/ozone-edit-set-entry/test-ozone-edit-set-entry.html (firefox 54)" skipped="1" tests="14">
		<testcase name="basic edit; should expose inputElement of string type" time="2"/>
		<testcase name="basic edit; inizialization; default label is undefined" time="1"/>
		<testcase name="basic edit; inizialization; default value is undefined" time="0"/>
		<testcase name="basic edit; inizialization; default helper text is undefined" time="1"/>
		<testcase name="basic edit; inizialization; default is editable" time="0"/>
		<testcase name="basic edit; inizialization; isModify should be false" time="1"/>
		<testcase name="basic edit; inizialization; should have language default value set" time="">
			<skipped/>
		</testcase>
		<testcase name="basic edit; when set language, name, type and value; label should be &#x22;a Name&#x22;" time="0"/>
		<testcase name="basic edit; when set language, name, type and value; value should be &#x22;default value&#x22;" time="1"/>
		<testcase name="basic edit; when set language, name, type and value; helper text should be &#x22;string&#x22;" time="0"/>
		<testcase name="basic edit; when set language, name, type and value; isModify should be false" time="1"/>
		<testcase name="basic edit; on input value; value should be &#x22;new value&#x22;" time="2"/>
		<testcase name="basic edit; on input value; isModify should be true" time="1"/>
		<testcase name="basic edit; disabled; should disable the paper input" time="1"/>
	</testsuite>
	<testsuite errors="0" failures="0" name="elements/ozone-material/ozone-edit-text-entry/test-ozone-edit-text-entry.html (chrome 59)" skipped="1" tests="14">
		<testcase name="basic edit; should expose inputElement of string type" time="0"/>
		<testcase name="basic edit; inizialization; default label is undefined" time="7"/>
		<testcase name="basic edit; inizialization; default value is undefined" time="0"/>
		<testcase name="basic edit; inizialization; default helper text is undefined" time="2"/>
		<testcase name="basic edit; inizialization; default is editable" time="1"/>
		<testcase name="basic edit; inizialization; isModify should be false" time="0"/>
		<testcase name="basic edit; inizialization; should have language default value set" time="">
			<skipped/>
		</testcase>
		<testcase name="basic edit; when set language, name, type and value; label should be &#x22;a Name&#x22;" time="0"/>
		<testcase name="basic edit; when set language, name, type and value; value should be &#x22;default value&#x22;" time="0"/>
		<testcase name="basic edit; when set language, name, type and value; helper text should be &#x22;string&#x22;" time="1"/>
		<testcase name="basic edit; when set language, name, type and value; isModify should be false" time="0"/>
		<testcase name="basic edit; on input value; value should be &#x22;new value&#x22;" time="0"/>
		<testcase name="basic edit; on input value; isModify should be true" time="0"/>
		<testcase name="basic edit; disabled; should disable the paper input" time="3"/>
	</testsuite>
	<testsuite errors="0" failures="0" name="elements/ozone-material/ozone-edit-text-entry/test-ozone-edit-text-entry.html (firefox 54)" skipped="1" tests="14">
		<testcase name="basic edit; should expose inputElement of string type" time="1"/>
		<testcase name="basic edit; inizialization; default label is undefined" time="1"/>
		<testcase name="basic edit; inizialization; default value is undefined" time="1"/>
		<testcase name="basic edit; inizialization; default helper text is undefined" time="1"/>
		<testcase name="basic edit; inizialization; default is editable" time="0"/>
		<testcase name="basic edit; inizialization; isModify should be false" time="1"/>
		<testcase name="basic edit; inizialization; should have language default value set" time="">
			<skipped/>
		</testcase>
		<testcase name="basic edit; when set language, name, type and value; label should be &#x22;a Name&#x22;" time="1"/>
		<testcase name="basic edit; when set language, name, type and value; value should be &#x22;default value&#x22;" time="0"/>
		<testcase name="basic edit; when set language, name, type and value; helper text should be &#x22;string&#x22;" time="1"/>
		<testcase name="basic edit; when set language, name, type and value; isModify should be false" time="1"/>
		<testcase name="basic edit; on input value; value should be &#x22;new value&#x22;" time="0"/>
		<testcase name="basic edit; on input value; isModify should be true" time="1"/>
		<testcase name="basic edit; disabled; should disable the paper input" time="0"/>
	</testsuite>
	<testsuite errors="0" failures="0" name="elements/ozone-material/ozone-free-text-search/test-ozone-free-text-search.html (chrome 59)" skipped="0" tests="5">
		<testcase name="search-content basic behavior; should bind searchValue to taktik-free-text-search" time="0"/>
		<testcase name="search-content basic behavior; should bind showItemCount to taktik-free-text-search" time="1"/>
		<testcase name="search-content basic behavior; should expose searchResults" time="1"/>
		<testcase name="search-content basic behavior; should register AutoCompleteAPI in taktikFreeTextSearch" time="1"/>
		<testcase name="search-content basic behavior; should register SearchAPI in taktikFreeTextSearch" time="0"/>
	</testsuite>
	<testsuite errors="0" failures="0" name="elements/ozone-material/ozone-free-text-search/test-ozone-free-text-search.html (firefox 54)" skipped="0" tests="5">
		<testcase name="search-content basic behavior; should bind searchValue to taktik-free-text-search" time="1"/>
		<testcase name="search-content basic behavior; should bind showItemCount to taktik-free-text-search" time="1"/>
		<testcase name="search-content basic behavior; should expose searchResults" time="2"/>
		<testcase name="search-content basic behavior; should register AutoCompleteAPI in taktikFreeTextSearch" time="2"/>
		<testcase name="search-content basic behavior; should register SearchAPI in taktikFreeTextSearch" time="1"/>
	</testsuite>
	<testsuite errors="0" failures="0" name="elements/ozone-material/ozone-localized-string/ozone-localized-string_test.html (chrome 59)" skipped="0" tests="6">
		<testcase name="language parameters; should use languageSelection by default" time="0"/>
		<testcase name="language parameters; should use listen on languageSelection current-language-change" time="10"/>
		<testcase name="displayString; should contain data according language selection to defaultlanguage" time="7"/>
		<testcase name="displayString; should be update when language change" time="9"/>
		<testcase name="dom; should contain data according language selection" time="9"/>
		<testcase name="dom; should be update when language change" time="44"/>
	</testsuite>
	<testsuite errors="0" failures="0" name="elements/ozone-material/ozone-localized-string/ozone-localized-string_test.html (firefox 54)" skipped="0" tests="6">
		<testcase name="language parameters; should use languageSelection by default" time="2"/>
		<testcase name="language parameters; should use listen on languageSelection current-language-change" time="7"/>
		<testcase name="displayString; should contain data according language selection to defaultlanguage" time="10"/>
		<testcase name="displayString; should be update when language change" time="11"/>
		<testcase name="dom; should contain data according language selection" time="7"/>
		<testcase name="dom; should be update when language change" time="11"/>
	</testsuite>
	<testsuite errors="0" failures="0" name="elements/ozone-material/ozone-login/test-ozone-login.html (chrome 59)" skipped="0" tests="2">
		<testcase name="ozone-login tests; should show only login section when disconnect" time="0"/>
		<testcase name="ozone-login tests; should display Connection Error for any error" time="10"/>
	</testsuite>
	<testsuite errors="0" failures="0" name="elements/ozone-material/ozone-login/test-ozone-login.html (firefox 54)" skipped="0" tests="2">
		<testcase name="ozone-login tests; should show only login section when disconnect" time="0"/>
		<testcase name="ozone-login tests; should display Connection Error for any error" time="25"/>
	</testsuite>
	<testsuite errors="0" failures="0" name="elements/ozone-material/ozone-logout/test-ozone-logout.html (chrome 59)" skipped="0" tests="3">
		<testcase name="ozone-logout tests; should not show only logout icon section when connect" time="2"/>
		<testcase name="ozone-logout tests; should show logout button icon when disconnect" time="1"/>
		<testcase name="ozone-logout tests; should disconnect on click on logout button" time="16"/>
	</testsuite>
	<testsuite errors="0" failures="0" name="elements/ozone-material/ozone-logout/test-ozone-logout.html (firefox 54)" skipped="0" tests="3">
		<testcase name="ozone-logout tests; should not show only logout icon section when connect" time="105"/>
		<testcase name="ozone-logout tests; should show logout button icon when disconnect" time="11"/>
		<testcase name="ozone-logout tests; should disconnect on click on logout button" time="46"/>
	</testsuite>
	<testsuite errors="0" failures="0" name="elements/taktik-material/taktik-free-text-search/test-taktik-free-text-search.html (chrome 59)" skipped="0" tests="17">
		<testcase name="search-content basic behavior; should contains search input label" time="0"/>
		<testcase name="search-content basic behavior; should contains search icon" time="0"/>
		<testcase name="search-content basic behavior; should not display suggestions result at startup" time="12"/>
		<testcase name="search-content basic behavior; should diplay suggestions result on key press" time="53"/>
		<testcase name="search-content basic behavior; should fire taktik-search on press enter" time="509"/>
		<testcase name="search-content basic behavior; should fire taktik-search on tap-on suggestion result" time="18"/>
		<testcase name="search-content basic behavior; should hide suggestions result on click elsewhere" time="115"/>
		<testcase name="search-content basic behavior; should expose searchResults" time="9"/>
		<testcase name="search-content basic behavior; touch management; enter should append the select item and fire search" time="75"/>
		<testcase name="search-content basic behavior; touch management; one arrowDown press should select the first item of the list" time="6"/>
		<testcase name="search-content basic behavior; touch management; two arrowDown press should select the second item of the list" time="26"/>
		<testcase name="search-content basic behavior; touch management; arrowUp press should select the upper item of the list" time="27"/>
		<testcase name="search-content basic behavior; touch management; space press should append the select item to the search value" time="11"/>
		<testcase name="search-content basic behavior; touch management; escape press should remove the focus from the search input" time="6"/>
		<testcase name="search-content basic behavior; touch management; any assci press should remove the highlight on the suggestion list" time="6"/>
		<testcase name="search-content basic behavior; touch management; should remove auto-complete highlite on press enter" time="5"/>
		<testcase name="search-content basic behavior; touch management; should combine keywords using key press and space" time="88"/>
	</testsuite>
	<testsuite errors="0" failures="0" name="elements/taktik-material/taktik-free-text-search/test-taktik-free-text-search.html (firefox 54)" skipped="0" tests="17">
		<testcase name="search-content basic behavior; should contains search input label" time="4"/>
		<testcase name="search-content basic behavior; should contains search icon" time="1"/>
		<testcase name="search-content basic behavior; should not display suggestions result at startup" time="6"/>
		<testcase name="search-content basic behavior; should diplay suggestions result on key press" time="112"/>
		<testcase name="search-content basic behavior; should fire taktik-search on press enter" time="518"/>
		<testcase name="search-content basic behavior; should fire taktik-search on tap-on suggestion result" time="76"/>
		<testcase name="search-content basic behavior; should hide suggestions result on click elsewhere" time="133"/>
		<testcase name="search-content basic behavior; should expose searchResults" time="43"/>
		<testcase name="search-content basic behavior; touch management; enter should append the select item and fire search" time="61"/>
		<testcase name="search-content basic behavior; touch management; one arrowDown press should select the first item of the list" time="19"/>
		<testcase name="search-content basic behavior; touch management; two arrowDown press should select the second item of the list" time="87"/>
		<testcase name="search-content basic behavior; touch management; arrowUp press should select the upper item of the list" time="29"/>
		<testcase name="search-content basic behavior; touch management; space press should append the select item to the search value" time="84"/>
		<testcase name="search-content basic behavior; touch management; escape press should remove the focus from the search input" time="19"/>
		<testcase name="search-content basic behavior; touch management; any assci press should remove the highlight on the suggestion list" time="26"/>
		<testcase name="search-content basic behavior; touch management; should remove auto-complete highlite on press enter" time="27"/>
		<testcase name="search-content basic behavior; touch management; should combine keywords using key press and space" time="57"/>
	</testsuite>
	<testsuite errors="0" failures="0" name="elements/taktik-material/taktik-language-selection/taktik-language-selection_test.html (chrome 59)" skipped="0" tests="5">
		<testcase name="dom; should should contains list of availableLanguages" time="1"/>
		<testcase name="select language; should should update currentLanguage" time="10"/>
		<testcase name="select language; should should fire languageChange" time="2"/>
		<testcase name="default value of currentLanguage; should be en" time="1"/>
		<testcase name="defaultLanguage; should be en" time="1"/>
	</testsuite>
	<testsuite errors="0" failures="0" name="elements/taktik-material/taktik-language-selection/taktik-language-selection_test.html (firefox 54)" skipped="0" tests="5">
		<testcase name="dom; should should contains list of availableLanguages" time="3"/>
		<testcase name="select language; should should update currentLanguage" time="19"/>
		<testcase name="select language; should should fire languageChange" time="6"/>
		<testcase name="default value of currentLanguage; should be en" time="0"/>
		<testcase name="defaultLanguage; should be en" time="1"/>
	</testsuite>
</testsuites>
